2024-04-18 00:20:01  每日数据存入数据库脚本开始执行！
2024-04-18 00:20:01  开始获取各miner机数据！
2024-04-18 00:20:01  开始获取 f01180639 数据！
2024-04-18 00:20:01  开始获取 f019806 数据！
2024-04-18 00:20:02  开始获取 f01769576 数据！
2024-04-18 00:20:02  开始获取 f02146033 数据！
2024-04-18 00:20:03  获取各miner机数据结束！
2024-04-18 00:20:03  开始对获取数据进行整理！
2024-04-18 00:20:03  整理节点号！
2024-04-18 00:20:03  整理扇区总数！
2024-04-18 00:20:03  整理扇区到期时间！
INSERT 0 4
数据插入时间： 
数据插入成功
{"errcode":0,"errmsg":"ok"}2024-04-18 00:20:19  数据存入数据库结束！
2024-04-18 00:20:19  本次数据库脚本结束！
2024-04-19 00:20:01  每日数据存入数据库脚本开始执行！
2024-04-19 00:20:01  开始获取各miner机数据！
2024-04-19 00:20:01  开始获取 f01180639 数据！
2024-04-19 00:20:02  开始获取 f019806 数据！
2024-04-19 00:20:02  开始获取 f01769576 数据！
2024-04-19 00:20:03  开始获取 f02146033 数据！
2024-04-19 00:20:04  获取各miner机数据结束！
2024-04-19 00:20:04  开始对获取数据进行整理！
2024-04-19 00:20:04  整理节点号！
2024-04-19 00:20:04  整理扇区总数！
2024-04-19 00:20:04  整理扇区到期时间！
INSERT 0 4
数据插入时间： 
数据插入成功
{"errcode":0,"errmsg":"ok"}2024-04-19 00:20:04  数据存入数据库结束！
2024-04-19 00:20:04  本次数据库脚本结束！
