2024-04-17 00:30:01  每日数据存入数据库脚本开始执行！
2024-04-17 00:30:01  开始获取各miner机数据！
2024-04-17 00:30:01  开始获取f01180639数据！
2024-04-17 00:30:02  开始获取f019806数据！
2024-04-17 00:30:02  开始获取f01769576数据！
2024-04-17 00:30:03  开始获取f02146033数据！
2024-04-17 00:30:04  获取各miner机数据结束！
2024-04-17 00:30:04  开始对获取数据进行整理！
2024-04-17 00:30:04  整理理论幸运值数据！
2024-04-17 00:30:04  整理节点号数据！
2024-04-17 00:30:04  整理算力数据！
2024-04-17 00:30:04  整理owner余额数据！
2024-04-17 00:30:04  整理miner余额数据！
2024-04-17 00:30:04  整理锁仓余额数据！
2024-04-17 00:30:04  整理7日变化数据！
2024-04-17 00:30:04  整理10日变化数据！
2024-04-17 00:30:04  整理7日变化率数据！
2024-04-17 00:30:04  整理10日变化率数据！
2024-04-17 00:30:04  当前理论幸运值基数:  FIL/PiB
2024-04-17 00:30:04  整理7日幸运值数据！
2024-04-17 00:30:04  整理10日幸运值数据！
2024-04-17 00:30:04  获取日期数据！
2024-04-17 00:30:04  数据整理结束！
2024-04-17 00:30:04  开始将数据存入数据库
ERROR:  relation "f_base.f_node_stats" does not exist
LINE 1: INSERT INTO f_base.f_node_stats (node_id, power, owner_balan...
                    ^
数据插入时间：2024-04-17 
数据插入成功
{"errcode":0,"errmsg":"ok"}2024-04-17 00:30:04  数据存入数据库结束！
2024-04-17 00:30:04  本次数据库脚本结束！
2024-04-18 00:30:01  每日数据存入数据库脚本开始执行！
2024-04-18 00:30:01  开始获取各miner机数据！
2024-04-18 00:30:01  开始获取f01180639数据！
2024-04-18 00:30:01  开始获取f019806数据！
2024-04-18 00:30:02  开始获取f01769576数据！
2024-04-18 00:30:02  开始获取f02146033数据！
2024-04-18 00:30:03  获取各miner机数据结束！
2024-04-18 00:30:03  开始对获取数据进行整理！
2024-04-18 00:30:03  整理理论幸运值数据！
2024-04-18 00:30:03  整理节点号数据！
2024-04-18 00:30:03  整理算力数据！
2024-04-18 00:30:03  整理owner余额数据！
2024-04-18 00:30:03  整理miner余额数据！
2024-04-18 00:30:03  整理锁仓余额数据！
2024-04-18 00:30:03  整理7日变化数据！
2024-04-18 00:30:03  整理10日变化数据！
2024-04-18 00:30:03  整理7日变化率数据！
2024-04-18 00:30:03  整理10日变化率数据！
2024-04-18 00:30:03  当前理论幸运值基数:  FIL/PiB
2024-04-18 00:30:03  整理7日幸运值数据！
2024-04-18 00:30:04  整理10日幸运值数据！
2024-04-18 00:30:04  获取日期数据！
2024-04-18 00:30:04  数据整理结束！
2024-04-18 00:30:04  开始将数据存入数据库
INSERT 0 4
数据插入时间：2024-04-18 
数据插入成功
{"errcode":0,"errmsg":"ok"}2024-04-18 00:30:04  数据存入数据库结束！
2024-04-18 00:30:04  本次数据库脚本结束！
2024-04-19 00:30:01  每日数据存入数据库脚本开始执行！
2024-04-19 00:30:01  开始获取各miner机数据！
2024-04-19 00:30:01  开始获取f01180639数据！
2024-04-19 00:30:02  开始获取f019806数据！
2024-04-19 00:30:02  开始获取f01769576数据！
2024-04-19 00:30:03  开始获取f02146033数据！
2024-04-19 00:30:04  获取各miner机数据结束！
2024-04-19 00:30:04  开始对获取数据进行整理！
2024-04-19 00:30:04  整理理论幸运值数据！
2024-04-19 00:30:04  整理节点号数据！
2024-04-19 00:30:04  整理算力数据！
2024-04-19 00:30:04  整理owner余额数据！
2024-04-19 00:30:04  整理miner余额数据！
2024-04-19 00:30:04  整理锁仓余额数据！
2024-04-19 00:30:04  整理7日变化数据！
2024-04-19 00:30:04  整理10日变化数据！
2024-04-19 00:30:04  整理7日变化率数据！
2024-04-19 00:30:04  整理10日变化率数据！
2024-04-19 00:30:04  当前理论幸运值基数:  FIL/PiB
2024-04-19 00:30:04  整理7日幸运值数据！
2024-04-19 00:30:04  整理10日幸运值数据！
2024-04-19 00:30:04  获取日期数据！
2024-04-19 00:30:04  数据整理结束！
2024-04-19 00:30:04  开始将数据存入数据库
INSERT 0 4
数据插入时间：2024-04-19 
数据插入成功
{"errcode":0,"errmsg":"ok"}2024-04-19 00:30:05  数据存入数据库结束！
2024-04-19 00:30:05  本次数据库脚本结束！
